<?xml version="1.0" encoding="UTF-8"?>
<!-- Generated by org.testng.reporters.JUnitXMLReporter -->
<testsuite ignored="0" hostname="Mitesh" failures="0" tests="4" name="Test" time="24.198" errors="0" timestamp="2024-10-29T18:24:00 IST">
  <testcase classname="testCases.TC001_AccountRegistrationTest" name="verify_account_registration" time="2.979"/>
  <testcase classname="testCases.TC002_LoginTest" name="verify_Login" time="1.514"/>
  <testcase classname="testCases.TC004_SearchProductTest" name="verify_productsearch" time="0.781"/>
  <testcase classname="testCases.TC005_AddToCartPageTest" name="verify_addToCart" time="1.355"/>
</testsuite> <!-- Test -->
