<?xml version="1.0" encoding="UTF-8"?>
<!-- Generated by org.testng.reporters.JUnitXMLReporter -->
<testsuite ignored="0" hostname="Mitesh" failures="0" tests="4" name="Test" time="45.053" errors="0" timestamp="2024-10-29T16:48:14 IST">
  <testcase classname="testCases.TC001_AccountRegistrationTest" name="verify_account_registration" time="1.561"/>
  <testcase classname="testCases.TC002_LoginTest" name="verify_Login" time="1.136"/>
  <testcase classname="testCases.TC004_SearchProductTest" name="verify_productsearch" time="0.56"/>
  <testcase classname="testCases.TC005_AddToCartPageTest" name="verify_addToCart" time="1.173"/>
</testsuite> <!-- Test -->
